<?xml version="1.0" encoding="utf-8"?><testsuites><testsuite name="pytest" errors="6" failures="0" skipped="0" tests="6" time="0.088" timestamp="2025-03-25T13:23:04.195754+01:00" hostname="Aveth"><testcase classname="my_test" name="test_header_is_uppercase" time="0.002"><error message="failed on setup with &quot;file C:\Users\Fanta\Desktop\IT\Python_0\Python_0\my_test.py, line 29&#10;  def test_header_is_uppercase(csv_header: Any):&#10;E       fixture 'csv_header' not found&#10;&gt;       available fixtures: cache, capfd, capfdbinary, caplog, capsys, capsysbinary, doctest_namespace, monkeypatch, pytestconfig, record_property, record_testsuite_property, record_xml_attribute, recwarn, tmp_path, tmp_path_factory, tmpdir, tmpdir_factory&#10;&gt;       use 'pytest --fixtures [testpath]' for help on them.&#10;&#10;C:\Users\Fanta\Desktop\IT\Python_0\Python_0\my_test.py:29&quot;">file C:\Users\Fanta\Desktop\IT\Python_0\Python_0\my_test.py, line 29
  def test_header_is_uppercase(csv_header: Any):
E       fixture 'csv_header' not found
&gt;       available fixtures: cache, capfd, capfdbinary, caplog, capsys, capsysbinary, doctest_namespace, monkeypatch, pytestconfig, record_property, record_testsuite_property, record_xml_attribute, recwarn, tmp_path, tmp_path_factory, tmpdir, tmpdir_factory
&gt;       use 'pytest --fixtures [testpath]' for help on them.

C:\Users\Fanta\Desktop\IT\Python_0\Python_0\my_test.py:29</error></testcase><testcase classname="my_test" name="test_header_starts_with_id" time="0.001"><error message="failed on setup with &quot;file C:\Users\Fanta\Desktop\IT\Python_0\Python_0\my_test.py, line 34&#10;  def test_header_starts_with_id(column_names: Any):&#10;E       fixture 'column_names' not found&#10;&gt;       available fixtures: cache, capfd, capfdbinary, caplog, capsys, capsysbinary, doctest_namespace, monkeypatch, pytestconfig, record_property, record_testsuite_property, record_xml_attribute, recwarn, tmp_path, tmp_path_factory, tmpdir, tmpdir_factory&#10;&gt;       use 'pytest --fixtures [testpath]' for help on them.&#10;&#10;C:\Users\Fanta\Desktop\IT\Python_0\Python_0\my_test.py:34&quot;">file C:\Users\Fanta\Desktop\IT\Python_0\Python_0\my_test.py, line 34
  def test_header_starts_with_id(column_names: Any):
E       fixture 'column_names' not found
&gt;       available fixtures: cache, capfd, capfdbinary, caplog, capsys, capsysbinary, doctest_namespace, monkeypatch, pytestconfig, record_property, record_testsuite_property, record_xml_attribute, recwarn, tmp_path, tmp_path_factory, tmpdir, tmpdir_factory
&gt;       use 'pytest --fixtures [testpath]' for help on them.

C:\Users\Fanta\Desktop\IT\Python_0\Python_0\my_test.py:34</error></testcase><testcase classname="my_test" name="test_header_has_column_name[CREATED]" time="0.001"><error message="failed on setup with &quot;file C:\Users\Fanta\Desktop\IT\Python_0\Python_0\my_test.py, line 40&#10;  @pytest.mark.parametrize(&quot;checked_name&quot;, [&quot;CREATED&quot;, &quot;UPDATED&quot;])  # Checking param column names&#10;  def test_header_has_column_name(column_names: Any, checked_name: Literal[&quot;CREATED&quot;] | Literal[&quot;UPDATED&quot;]):&#10;E       fixture 'column_names' not found&#10;&gt;       available fixtures: cache, capfd, capfdbinary, caplog, capsys, capsysbinary, doctest_namespace, monkeypatch, pytestconfig, record_property, record_testsuite_property, record_xml_attribute, recwarn, tmp_path, tmp_path_factory, tmpdir, tmpdir_factory&#10;&gt;       use 'pytest --fixtures [testpath]' for help on them.&#10;&#10;C:\Users\Fanta\Desktop\IT\Python_0\Python_0\my_test.py:40&quot;">file C:\Users\Fanta\Desktop\IT\Python_0\Python_0\my_test.py, line 40
  @pytest.mark.parametrize("checked_name", ["CREATED", "UPDATED"])  # Checking param column names
  def test_header_has_column_name(column_names: Any, checked_name: Literal["CREATED"] | Literal["UPDATED"]):
E       fixture 'column_names' not found
&gt;       available fixtures: cache, capfd, capfdbinary, caplog, capsys, capsysbinary, doctest_namespace, monkeypatch, pytestconfig, record_property, record_testsuite_property, record_xml_attribute, recwarn, tmp_path, tmp_path_factory, tmpdir, tmpdir_factory
&gt;       use 'pytest --fixtures [testpath]' for help on them.

C:\Users\Fanta\Desktop\IT\Python_0\Python_0\my_test.py:40</error></testcase><testcase classname="my_test" name="test_header_has_column_name[UPDATED]" time="0.001"><error message="failed on setup with &quot;file C:\Users\Fanta\Desktop\IT\Python_0\Python_0\my_test.py, line 40&#10;  @pytest.mark.parametrize(&quot;checked_name&quot;, [&quot;CREATED&quot;, &quot;UPDATED&quot;])  # Checking param column names&#10;  def test_header_has_column_name(column_names: Any, checked_name: Literal[&quot;CREATED&quot;] | Literal[&quot;UPDATED&quot;]):&#10;E       fixture 'column_names' not found&#10;&gt;       available fixtures: cache, capfd, capfdbinary, caplog, capsys, capsysbinary, doctest_namespace, monkeypatch, pytestconfig, record_property, record_testsuite_property, record_xml_attribute, recwarn, tmp_path, tmp_path_factory, tmpdir, tmpdir_factory&#10;&gt;       use 'pytest --fixtures [testpath]' for help on them.&#10;&#10;C:\Users\Fanta\Desktop\IT\Python_0\Python_0\my_test.py:40&quot;">file C:\Users\Fanta\Desktop\IT\Python_0\Python_0\my_test.py, line 40
  @pytest.mark.parametrize("checked_name", ["CREATED", "UPDATED"])  # Checking param column names
  def test_header_has_column_name(column_names: Any, checked_name: Literal["CREATED"] | Literal["UPDATED"]):
E       fixture 'column_names' not found
&gt;       available fixtures: cache, capfd, capfdbinary, caplog, capsys, capsysbinary, doctest_namespace, monkeypatch, pytestconfig, record_property, record_testsuite_property, record_xml_attribute, recwarn, tmp_path, tmp_path_factory, tmpdir, tmpdir_factory
&gt;       use 'pytest --fixtures [testpath]' for help on them.

C:\Users\Fanta\Desktop\IT\Python_0\Python_0\my_test.py:40</error></testcase><testcase classname="my_test" name="test_record_matches_header" time="0.001"><error message="failed on setup with &quot;file C:\Users\Fanta\Desktop\IT\Python_0\Python_0\my_test.py, line 46&#10;  def test_record_matches_header(column_names: Any, csv_records: Any):&#10;E       fixture 'column_names' not found&#10;&gt;       available fixtures: cache, capfd, capfdbinary, caplog, capsys, capsysbinary, doctest_namespace, monkeypatch, pytestconfig, record_property, record_testsuite_property, record_xml_attribute, recwarn, tmp_path, tmp_path_factory, tmpdir, tmpdir_factory&#10;&gt;       use 'pytest --fixtures [testpath]' for help on them.&#10;&#10;C:\Users\Fanta\Desktop\IT\Python_0\Python_0\my_test.py:46&quot;">file C:\Users\Fanta\Desktop\IT\Python_0\Python_0\my_test.py, line 46
  def test_record_matches_header(column_names: Any, csv_records: Any):
E       fixture 'column_names' not found
&gt;       available fixtures: cache, capfd, capfdbinary, caplog, capsys, capsysbinary, doctest_namespace, monkeypatch, pytestconfig, record_property, record_testsuite_property, record_xml_attribute, recwarn, tmp_path, tmp_path_factory, tmpdir, tmpdir_factory
&gt;       use 'pytest --fixtures [testpath]' for help on them.

C:\Users\Fanta\Desktop\IT\Python_0\Python_0\my_test.py:46</error></testcase><testcase classname="my_test" name="test_record_first_field_is_number" time="0.001"><error message="failed on setup with &quot;file C:\Users\Fanta\Desktop\IT\Python_0\Python_0\my_test.py, line 58&#10;  def test_record_first_field_is_number(csv_records: Any):&#10;E       fixture 'csv_records' not found&#10;&gt;       available fixtures: cache, capfd, capfdbinary, caplog, capsys, capsysbinary, doctest_namespace, monkeypatch, pytestconfig, record_property, record_testsuite_property, record_xml_attribute, recwarn, tmp_path, tmp_path_factory, tmpdir, tmpdir_factory&#10;&gt;       use 'pytest --fixtures [testpath]' for help on them.&#10;&#10;C:\Users\Fanta\Desktop\IT\Python_0\Python_0\my_test.py:58&quot;">file C:\Users\Fanta\Desktop\IT\Python_0\Python_0\my_test.py, line 58
  def test_record_first_field_is_number(csv_records: Any):
E       fixture 'csv_records' not found
&gt;       available fixtures: cache, capfd, capfdbinary, caplog, capsys, capsysbinary, doctest_namespace, monkeypatch, pytestconfig, record_property, record_testsuite_property, record_xml_attribute, recwarn, tmp_path, tmp_path_factory, tmpdir, tmpdir_factory
&gt;       use 'pytest --fixtures [testpath]' for help on them.

C:\Users\Fanta\Desktop\IT\Python_0\Python_0\my_test.py:58</error></testcase></testsuite></testsuites>