<?xml version="1.0" encoding="utf-8"?><testsuites><testsuite name="pytest" errors="0" failures="0" skipped="0" tests="18" time="0.253" timestamp="2025-03-25T12:59:03.226834+01:00" hostname="Aveth"><testcase classname="my_test" name="test_header_is_uppercase[./test-data/address.csv]" time="0.002" /><testcase classname="my_test" name="test_header_is_uppercase[./test-data/book.csv]" time="0.002" /><testcase classname="my_test" name="test_header_is_uppercase[./test-data/customer.csv]" time="0.007" /><testcase classname="my_test" name="test_header_starts_with_id[./test-data/address.csv]" time="0.002" /><testcase classname="my_test" name="test_header_starts_with_id[./test-data/book.csv]" time="0.002" /><testcase classname="my_test" name="test_header_starts_with_id[./test-data/customer.csv]" time="0.003" /><testcase classname="my_test" name="test_header_has_column_name[./test-data/address.csv-CREATED]" time="0.002" /><testcase classname="my_test" name="test_header_has_column_name[./test-data/address.csv-UPDATED]" time="0.002" /><testcase classname="my_test" name="test_header_has_column_name[./test-data/book.csv-CREATED]" time="0.002" /><testcase classname="my_test" name="test_header_has_column_name[./test-data/book.csv-UPDATED]" time="0.002" /><testcase classname="my_test" name="test_header_has_column_name[./test-data/customer.csv-CREATED]" time="0.002" /><testcase classname="my_test" name="test_header_has_column_name[./test-data/customer.csv-UPDATED]" time="0.002" /><testcase classname="my_test" name="test_record_matches_header[./test-data/address.csv]" time="0.002" /><testcase classname="my_test" name="test_record_matches_header[./test-data/book.csv]" time="0.002" /><testcase classname="my_test" name="test_record_matches_header[./test-data/customer.csv]" time="0.004" /><testcase classname="my_test" name="test_record_first_field_is_number[./test-data/address.csv]" time="0.001" /><testcase classname="my_test" name="test_record_first_field_is_number[./test-data/book.csv]" time="0.001" /><testcase classname="my_test" name="test_record_first_field_is_number[./test-data/customer.csv]" time="0.003" /></testsuite></testsuites>